<?xml version="1.0" encoding="UTF-8"?>
<!-- Generated by org.testng.reporters.JUnitReportReporter -->
<testsuite skipped="0" hostname="DESKTOP-M6OGDT7" name="Qaclickacdemy.AppiumTest" tests="1" failures="0" timestamp="17 Jun 2019 19:53:57 GMT" time="0.004" errors="0">
  <testcase name="SecondAppium" time="0.004" classname="Qaclickacdemy.AppiumTest"/>
</testsuite> <!-- Qaclickacdemy.AppiumTest -->
