<?xml version="1.0" encoding="UTF-8"?>
<!-- Generated by org.testng.reporters.JUnitReportReporter -->
<testsuite skipped="0" hostname="DESKTOP-M6OGDT7" name="Qaclickacdemy.SeleniumTest" tests="2" failures="0" timestamp="30 Jul 2019 20:32:36 GMT" time="0.003" errors="0">
  <testcase name="FirstSelenium" time="0.000" classname="Qaclickacdemy.SeleniumTest"/>
  <testcase name="SecondSelenium" time="0.003" classname="Qaclickacdemy.SeleniumTest"/>
</testsuite> <!-- Qaclickacdemy.SeleniumTest -->
