<?xml version="1.0" encoding="UTF-8"?>
<!-- Generated by org.testng.reporters.JUnitReportReporter -->
<testsuite skipped="0" hostname="DESKTOP-M6OGDT7" name="Qaclickacdemy.RestAPITest" tests="2" failures="0" timestamp="30 Jul 2019 20:32:36 GMT" time="0.003" errors="0">
  <testcase name="SecondRestAPI" time="0.001" classname="Qaclickacdemy.RestAPITest"/>
  <testcase name="FirstRestAPI" time="0.002" classname="Qaclickacdemy.RestAPITest"/>
</testsuite> <!-- Qaclickacdemy.RestAPITest -->
