<?xml version="1.0" encoding="UTF-8"?>
<!-- Generated by org.testng.reporters.JUnitReportReporter -->
<testsuite skipped="0" hostname="DESKTOP-M6OGDT7" name="Qaclickacdemy.AppiumTest" tests="2" failures="0" timestamp="30 Jul 2019 20:32:36 GMT" time="0.022" errors="0">
  <testcase name="SecondAppium" time="0.001" classname="Qaclickacdemy.AppiumTest"/>
  <testcase name="FirstAppium" time="0.021" classname="Qaclickacdemy.AppiumTest"/>
</testsuite> <!-- Qaclickacdemy.AppiumTest -->
